::1 Fri, 28 Jun 2024 19:34:15 GMT - POST /api/signup 449.891
::1 Fri, 28 Jun 2024 19:35:38 GMT - POST /api/login 409.269
::1 Fri, 28 Jun 2024 19:36:44 GMT - POST /api/dashboard 7.190
::1 Fri, 28 Jun 2024 19:36:51 GMT - POST /api/dashboard 1.879
::1 Fri, 28 Jun 2024 19:37:00 GMT - POST /api/dashboard 1.692
::1 Fri, 28 Jun 2024 19:38:08 GMT - POST /api/dashboard 4.772
::1 Fri, 28 Jun 2024 19:38:51 GMT - GET /api/dashboard 21.285
::1 Fri, 28 Jun 2024 19:39:04 GMT - GET /api/dashboard 67.570
::1 Fri, 28 Jun 2024 19:42:07 GMT - POST /api/login 434.611
::1 Fri, 28 Jun 2024 19:45:27 GMT - POST /api/login 412.223
::1 Fri, 28 Jun 2024 19:45:51 GMT - POST /api/login 408.522
::1 Fri, 28 Jun 2024 19:47:02 GMT - POST /api/login 410.642
::1 Fri, 28 Jun 2024 19:47:32 GMT - GET /api/dashboard 26.189
::1 Fri, 28 Jun 2024 19:48:00 GMT - POST /api/login 415.420
::1 Fri, 28 Jun 2024 19:48:29 GMT - POST /api/login 415.551
::1 Fri, 28 Jun 2024 19:49:58 GMT - POST /api/login 412.750
::1 Fri, 28 Jun 2024 19:50:19 GMT - POST /api/login 409.312
::1 Fri, 28 Jun 2024 19:50:33 GMT - POST /api/login 407.201
::1 Fri, 28 Jun 2024 19:50:42 GMT - POST /api/login 410.668
::1 Fri, 28 Jun 2024 19:51:19 GMT - GET /api/dashboard 60.666
::1 Fri, 28 Jun 2024 19:54:57 GMT - POST /api/signup 489.206
::1 Fri, 28 Jun 2024 19:55:36 GMT - POST /api/signup 49.000
::1 Fri, 28 Jun 2024 19:55:44 GMT - POST /api/signup 38.601
::1 Fri, 28 Jun 2024 19:55:51 GMT - POST /api/signup 451.524
::1 Fri, 28 Jun 2024 19:56:30 GMT - POST /api/signup 48.302
::1 Fri, 28 Jun 2024 19:56:58 GMT - POST /api/signup 47.121
::1 Fri, 28 Jun 2024 19:57:22 GMT - POST /api/signup 43.156
::1 Fri, 28 Jun 2024 19:57:38 GMT - POST /api/signup 48.302
::1 Fri, 28 Jun 2024 19:58:24 GMT - GET /api/dashboard 45.744
::1 Fri, 28 Jun 2024 19:58:31 GMT - GET /api/dashboard 14.284
::1 Fri, 28 Jun 2024 19:58:37 GMT - GET /api/dashboard 43.778
::1 Sat, 29 Jun 2024 06:14:48 GMT - GET / 2.922
::1 Sat, 29 Jun 2024 06:14:56 GMT - GET /api/dashboard 19.468
::1 Sat, 29 Jun 2024 06:15:06 GMT - POST /api/login 525.649
::1 Sat, 29 Jun 2024 06:15:14 GMT - GET /api/dashboard 7.234
::1 Sat, 29 Jun 2024 06:19:37 GMT - POST /api/login 409.837
::1 Sat, 29 Jun 2024 06:19:50 GMT - POST /api/login 406.068
::1 Sat, 29 Jun 2024 06:20:10 GMT - GET /api/dashboard 39.439
::1 Sat, 29 Jun 2024 06:24:48 GMT - POST /api/events 51.045
::1 Sat, 29 Jun 2024 06:25:42 GMT - GET /api/event-list 35.089
::1 Sat, 29 Jun 2024 06:25:48 GMT - GET /api/event-list 14.805
::1 Sat, 29 Jun 2024 06:25:51 GMT - GET /api/event-list 33.261
::1 Sat, 29 Jun 2024 06:37:37 GMT - POST /api/events 63.842
::1 Sat, 29 Jun 2024 06:42:08 GMT - POST /api/signup 452.375
::1 Sat, 29 Jun 2024 06:44:51 GMT - POST /api/events 39.863
::1 Sat, 29 Jun 2024 06:46:43 GMT - POST /api/events 30.842
::1 Sat, 29 Jun 2024 06:47:12 GMT - POST /api/events 95.420
::1 Sat, 29 Jun 2024 06:49:08 GMT - DELETE /api/events?id=E-43 14.998
::1 Sat, 29 Jun 2024 06:49:47 GMT - DELETE /api/events?id=E-43 13.935
::1 Sat, 29 Jun 2024 06:51:05 GMT - DELETE /api/events?id=E-43 10.617
::1 Sat, 29 Jun 2024 06:52:03 GMT - DELETE /api/event?id=E-43 14.586
::1 Sat, 29 Jun 2024 06:52:10 GMT - DELETE /api/event/id=E-43 3.489
::1 Sat, 29 Jun 2024 06:52:20 GMT - DELETE /api/event 5.493
::1 Sat, 29 Jun 2024 06:52:24 GMT - DELETE /api/event 2.244
::1 Sat, 29 Jun 2024 06:52:46 GMT - DELETE /api/event 13.468
::1 Sat, 29 Jun 2024 06:59:30 GMT - DELETE /api/event?id=ydtasd 16.128
::1 Sat, 29 Jun 2024 06:59:38 GMT - DELETE /api/event/?id=ydtasd 4.202
::1 Sat, 29 Jun 2024 07:00:39 GMT - DELETE /api/event/E-43 2.071
::1 Sat, 29 Jun 2024 07:02:27 GMT - DELETE /api/event/76 13.263
::1 Sat, 29 Jun 2024 07:03:23 GMT - GET /api/event-list 46.864
::1 Sat, 29 Jun 2024 07:04:10 GMT - DELETE /api/event/76 11.989
::1 Sat, 29 Jun 2024 07:07:07 GMT - DELETE /api/event/76 14.076
::1 Sat, 29 Jun 2024 07:07:38 GMT - DELETE /api/event/76 33.328
::1 Sat, 29 Jun 2024 07:07:58 GMT - DELETE /api/event/76 27.936
::1 Sat, 29 Jun 2024 07:09:12 GMT - DELETE /api/event/76 18.152
::1 Sat, 29 Jun 2024 07:10:32 GMT - DELETE /api/event?eventId=67 24.859
::1 Sat, 29 Jun 2024 07:11:01 GMT - DELETE /api/event?eventId=67 22.706
::1 Sat, 29 Jun 2024 07:13:06 GMT - DELETE /api/event/ 24.707
::1 Sat, 29 Jun 2024 07:13:14 GMT - DELETE /api/event/56 47.885
::1 Sat, 29 Jun 2024 07:18:09 GMT - GET /api/event-list 76.753
::1 Sat, 29 Jun 2024 07:21:24 GMT - PUT /api/events 3.329
::1 Sat, 29 Jun 2024 07:21:29 GMT - POST /api/login 433.291
::1 Sat, 29 Jun 2024 07:21:34 GMT - PUT /api/events 45.309
::1 Sat, 29 Jun 2024 07:23:31 GMT - GET /api/event-list 92.651
::1 Sat, 29 Jun 2024 07:23:38 GMT - PUT /api/events 73.980
::1 Sat, 29 Jun 2024 07:23:42 GMT - GET /api/event-list 66.643
::1 Sat, 29 Jun 2024 07:23:51 GMT - PUT /api/events 64.590
::1 Sat, 29 Jun 2024 07:24:23 GMT - GET /api/event-list 80.877
::1 Sat, 29 Jun 2024 07:24:27 GMT - PUT /api/events 75.758
::1 Sat, 29 Jun 2024 07:24:32 GMT - GET /api/event-list 57.237
::1 Sat, 29 Jun 2024 07:25:24 GMT - PUT /api/events 76.606
::1 Sat, 29 Jun 2024 07:25:27 GMT - GET /api/event-list 67.517
::1 Sat, 29 Jun 2024 07:26:06 GMT - DELETE /api/event/56 37.497
::1 Sat, 29 Jun 2024 07:28:16 GMT - POST /api/events 45.734
::1 Sat, 29 Jun 2024 07:29:10 GMT - POST /api/events 106.621
::1 Sat, 29 Jun 2024 07:29:14 GMT - GET /api/event-list 86.331
::1 Sat, 29 Jun 2024 07:29:29 GMT - DELETE /api/event/E-43 84.617
::1 Sat, 29 Jun 2024 07:29:40 GMT - GET /api/event-list 80.615
::1 Sat, 29 Jun 2024 07:32:33 GMT - GET /api/event-list 86.322
::1 Sat, 29 Jun 2024 07:33:42 GMT - POST /api/signup 450.596
::1 Sat, 29 Jun 2024 07:33:53 GMT - GET /api/events-by-user/Emp-2213 62.411
::1 Sat, 29 Jun 2024 07:34:06 GMT - GET /api/events-by-user/Emp-8591 60.785
::1 Sat, 29 Jun 2024 07:34:54 GMT - POST /api/login 410.307
::1 Sat, 29 Jun 2024 07:36:03 GMT - POST /api/login 404.759
::1 Sat, 29 Jun 2024 07:36:13 GMT - POST /api/events 87.429
::1 Sat, 29 Jun 2024 07:36:21 GMT - GET /api/event-list 58.250
::1 Sat, 29 Jun 2024 07:36:40 GMT - GET /api/events-by-user/Emp-8591 69.242
::1 Sat, 29 Jun 2024 07:37:04 GMT - GET /api/events-by-user/Emp-2213 59.032
::1 Sat, 29 Jun 2024 12:31:09 GMT - GET / 1.202
::1 Sat, 29 Jun 2024 12:32:34 GMT - POST /api/login 417.425
::1 Sat, 29 Jun 2024 12:32:40 GMT - GET /api/dashboard 37.498
::1 Sat, 29 Jun 2024 12:32:44 GMT - GET /api/event-list 65.129
::1 Sat, 29 Jun 2024 12:32:55 GMT - GET /api/events-by-user/Emp-2213 60.498
::1 Sat, 29 Jun 2024 14:14:40 GMT - POST /api/login 419.420
::1 Sat, 29 Jun 2024 14:16:50 GMT - GET /api/event-list 5.676
::1 Sat, 29 Jun 2024 14:17:22 GMT - GET /api/event-list 2.379
::1 Sat, 29 Jun 2024 14:18:06 GMT - GET /api/event-list 28.377
::1 Sat, 29 Jun 2024 14:20:31 GMT - GET /api/event-list 48.211
::1 Sat, 29 Jun 2024 14:22:16 GMT - GET /api/event-list 19.193
::1 Sat, 29 Jun 2024 14:30:55 GMT - GET /api/event-list 11.238
::1 Sat, 29 Jun 2024 14:32:05 GMT - GET /api/event-list 7.329
::1 Sat, 29 Jun 2024 14:32:20 GMT - GET /api/event-list 6.328
::1 Sat, 29 Jun 2024 14:32:23 GMT - GET /api/event-list 2.814
::1 Sat, 29 Jun 2024 14:32:35 GMT - GET /api/event-list 3.810
::1 Sat, 29 Jun 2024 14:41:18 GMT - OPTIONS /api/event-list 8.727
::1 Sat, 29 Jun 2024 14:42:05 GMT - OPTIONS /api/event-list 3.151
::1 Sat, 29 Jun 2024 14:42:11 GMT - OPTIONS /api/event-list 3.240
::1 Sat, 29 Jun 2024 14:42:48 GMT - OPTIONS /api/event-list 2.791
::1 Sat, 29 Jun 2024 14:42:48 GMT - GET /api/event-list 21.118
::1 Sat, 29 Jun 2024 14:43:23 GMT - GET /api/dashboard 57.878
::1 Sat, 29 Jun 2024 14:44:13 GMT - OPTIONS /api/event-list 6.869
::1 Sat, 29 Jun 2024 14:44:13 GMT - GET /api/event-list 90.064
::1 Sat, 29 Jun 2024 14:46:30 GMT - OPTIONS /api/event-list 0.674
::1 Sat, 29 Jun 2024 14:46:30 GMT - GET /api/event-list 91.845
::1 Sat, 29 Jun 2024 14:48:01 GMT - OPTIONS /api/event-list 4.451
::1 Sat, 29 Jun 2024 14:48:01 GMT - GET /api/event-list 105.764
::1 Sat, 29 Jun 2024 14:56:37 GMT - OPTIONS /api/event-list 1.604
::1 Sat, 29 Jun 2024 14:56:54 GMT - OPTIONS /api/event-list 6.941
::1 Sat, 29 Jun 2024 14:59:21 GMT - POST /api/login 428.875
::1 Sat, 29 Jun 2024 15:04:54 GMT - OPTIONS /api/login 3.130
::1 Sat, 29 Jun 2024 15:04:54 GMT - POST /api/login 5.296
::1 Sat, 29 Jun 2024 15:05:08 GMT - OPTIONS /api/login 1.117
::1 Sat, 29 Jun 2024 15:05:08 GMT - POST /api/login 2.619
::1 Sat, 29 Jun 2024 15:05:41 GMT - OPTIONS /api/login 0.844
::1 Sat, 29 Jun 2024 15:05:41 GMT - POST /api/login 1.573
::1 Sat, 29 Jun 2024 15:06:53 GMT - OPTIONS /api/login 4.448
::1 Sat, 29 Jun 2024 15:06:53 GMT - POST /api/login 4.524
::1 Sat, 29 Jun 2024 15:08:42 GMT - OPTIONS /api/login 0.981
::1 Sat, 29 Jun 2024 15:08:42 GMT - POST /api/login 447.668
::1 Sat, 29 Jun 2024 15:12:31 GMT - OPTIONS /api/event-list 2.744
::1 Sat, 29 Jun 2024 15:12:31 GMT - GET /api/event-list 67.670
::1 Sat, 29 Jun 2024 15:12:47 GMT - OPTIONS /api/event-list 1.371
::1 Sat, 29 Jun 2024 15:12:47 GMT - GET /api/event-list 80.409
::1 Sat, 29 Jun 2024 15:12:50 GMT - GET /api/event-list 58.481
::1 Sat, 29 Jun 2024 15:12:53 GMT - OPTIONS /api/event-list 0.876
::1 Sat, 29 Jun 2024 15:12:53 GMT - GET /api/event-list 59.954
::1 Sat, 29 Jun 2024 15:15:27 GMT - OPTIONS /api/login 3.821
::1 Sat, 29 Jun 2024 15:15:28 GMT - POST /api/login 422.567
::1 Sat, 29 Jun 2024 15:15:44 GMT - OPTIONS /api/login 0.710
::1 Sat, 29 Jun 2024 15:15:45 GMT - POST /api/login 416.548
::1 Sat, 29 Jun 2024 15:15:45 GMT - OPTIONS /api/event-list 0.840
::1 Sat, 29 Jun 2024 15:15:45 GMT - GET /api/event-list 12.043
::1 Sat, 29 Jun 2024 15:16:15 GMT - OPTIONS /api/event-list 14.404
::1 Sat, 29 Jun 2024 15:16:15 GMT - GET /api/event-list 24.223
::1 Sat, 29 Jun 2024 15:16:24 GMT - OPTIONS /api/login 0.627
::1 Sat, 29 Jun 2024 15:16:25 GMT - POST /api/login 445.623
::1 Sat, 29 Jun 2024 15:16:25 GMT - OPTIONS /api/event-list 0.188
::1 Sat, 29 Jun 2024 15:16:25 GMT - GET /api/event-list 2.055
::1 Sat, 29 Jun 2024 15:31:39 GMT - GET /api/event-list 17.338
::1 Sat, 29 Jun 2024 15:31:46 GMT - GET /api/event-list 13.528
::1 Sat, 29 Jun 2024 15:32:13 GMT - GET /api/event-list 1.831
::1 Sat, 29 Jun 2024 15:32:48 GMT - GET /api/event-list 1.507
::1 Sat, 29 Jun 2024 15:32:57 GMT - GET /api/event-list 34.819
::1 Sat, 29 Jun 2024 15:34:03 GMT - GET /api/event-list 46.743
::1 Sat, 29 Jun 2024 15:36:49 GMT - OPTIONS /api/event-list 4.265
::1 Sat, 29 Jun 2024 15:36:49 GMT - GET /api/event-list 80.899
::1 Sat, 29 Jun 2024 15:44:21 GMT - POST /api/login 414.686
::1 Sat, 29 Jun 2024 15:44:42 GMT - POST /api/signup 454.496
::1 Sat, 29 Jun 2024 15:44:57 GMT - POST /api/login 405.522
::1 Sat, 29 Jun 2024 15:45:01 GMT - GET /api/dashboard 35.585
::1 Sat, 29 Jun 2024 15:50:06 GMT - POST /api/events 58.149
::1 Sat, 29 Jun 2024 15:51:03 GMT - POST /api/events 55.444
::1 Sat, 29 Jun 2024 15:51:35 GMT - POST /api/events 103.771
::1 Sat, 29 Jun 2024 15:52:07 GMT - OPTIONS /api/event-list 1.865
::1 Sat, 29 Jun 2024 15:52:07 GMT - GET /api/event-list 72.258
::1 Sat, 29 Jun 2024 15:52:41 GMT - POST /api/events 86.453
::1 Sat, 29 Jun 2024 15:52:56 GMT - OPTIONS /api/event-list 0.666
::1 Sat, 29 Jun 2024 15:52:56 GMT - GET /api/event-list 85.254
::1 Sat, 29 Jun 2024 15:53:37 GMT - OPTIONS /api/event-list 1.812
::1 Sat, 29 Jun 2024 15:53:37 GMT - GET /api/event-list 82.979
::1 Sat, 29 Jun 2024 15:54:04 GMT - OPTIONS /api/event-list 25.453
::1 Sat, 29 Jun 2024 15:54:04 GMT - GET /api/event-list 90.505
::1 Sat, 29 Jun 2024 15:54:53 GMT - POST /api/events 88.128
::1 Sat, 29 Jun 2024 15:54:57 GMT - OPTIONS /api/event-list 2.064
::1 Sat, 29 Jun 2024 15:54:57 GMT - GET /api/event-list 94.320
::1 Sat, 29 Jun 2024 15:55:19 GMT - OPTIONS /api/event-list 1.874
::1 Sat, 29 Jun 2024 15:55:19 GMT - GET /api/event-list 77.772
::1 Sat, 29 Jun 2024 16:03:27 GMT - OPTIONS /api/event-list 5.440
::1 Sat, 29 Jun 2024 16:03:27 GMT - GET /api/event-list 108.841
::1 Sat, 29 Jun 2024 17:27:15 GMT - POST /api/login 419.897
::1 Sat, 29 Jun 2024 17:27:48 GMT - POST /api/events 102.389
::1 Sat, 29 Jun 2024 17:28:02 GMT - OPTIONS /api/event-list 6.103
::1 Sat, 29 Jun 2024 17:28:02 GMT - GET /api/event-list 14.690
::1 Sat, 29 Jun 2024 17:28:25 GMT - OPTIONS /api/login 0.419
::1 Sat, 29 Jun 2024 17:28:26 GMT - POST /api/login 420.058
::1 Sat, 29 Jun 2024 17:28:26 GMT - OPTIONS /api/event-list 0.188
::1 Sat, 29 Jun 2024 17:28:26 GMT - GET /api/event-list 74.686
::1 Sat, 29 Jun 2024 17:29:11 GMT - OPTIONS /api/event-list 1.828
::1 Sat, 29 Jun 2024 17:29:11 GMT - GET /api/event-list 113.987
::1 Sat, 29 Jun 2024 17:30:58 GMT - OPTIONS /api/event-list 10.183
::1 Sat, 29 Jun 2024 17:30:58 GMT - GET /api/event-list 132.751
::1 Sat, 29 Jun 2024 17:33:06 GMT - POST /api/events 73.393
::1 Sat, 29 Jun 2024 17:33:38 GMT - POST /api/events 80.694
::1 Sat, 29 Jun 2024 17:33:51 GMT - OPTIONS /api/event-list 14.297
::1 Sat, 29 Jun 2024 17:33:51 GMT - GET /api/event-list 80.774
::1 Sat, 29 Jun 2024 17:38:16 GMT - POST /api/events 69.404
::1 Sat, 29 Jun 2024 17:38:37 GMT - POST /api/events 79.015
::1 Sat, 29 Jun 2024 17:40:36 GMT - OPTIONS /api/event-list 30.596
::1 Sat, 29 Jun 2024 17:40:36 GMT - GET /api/event-list 101.523
::1 Sat, 29 Jun 2024 17:41:36 GMT - OPTIONS /api/event-list 2.043
::1 Sat, 29 Jun 2024 18:07:21 GMT - OPTIONS /api/event-list 20.433
::1 Sat, 29 Jun 2024 18:07:21 GMT - GET /api/event-list 214.443
::1 Sat, 29 Jun 2024 18:07:28 GMT - OPTIONS /api/event-list 0.504
::1 Sat, 29 Jun 2024 18:07:28 GMT - GET /api/event-list 76.144
::1 Sat, 29 Jun 2024 18:07:36 GMT - OPTIONS /api/event-list 0.330
::1 Sat, 29 Jun 2024 18:07:36 GMT - GET /api/event-list 86.652
::1 Sat, 29 Jun 2024 18:08:56 GMT - POST /api/events 110.705
::1 Sat, 29 Jun 2024 18:09:02 GMT - OPTIONS /api/event-list 0.358
::1 Sat, 29 Jun 2024 18:09:02 GMT - GET /api/event-list 110.624
::1 Sat, 29 Jun 2024 18:10:03 GMT - OPTIONS /api/event-list 0.664
::1 Sat, 29 Jun 2024 18:10:03 GMT - GET /api/event-list 74.105
::1 Sat, 29 Jun 2024 18:10:21 GMT - OPTIONS /api/event-list 17.796
::1 Sat, 29 Jun 2024 18:10:21 GMT - GET /api/event-list 143.888
::1 Sat, 29 Jun 2024 18:16:41 GMT - POST /api/events 81.269
::1 Sat, 29 Jun 2024 18:16:51 GMT - OPTIONS /api/event-list 1.725
::1 Sat, 29 Jun 2024 18:16:51 GMT - GET /api/event-list 84.759
